Arguments: 
  /opt/homebrew/Cellar/node@16/16.14.2/bin/node /opt/homebrew/bin/yarn install

PATH: 
  /Users/nowgnas/.yarn/bin:/Users/nowgnas/.rbenv/shims:/Users/nowgnas/.rbenv/bin:/opt/homebrew/opt/node@16/bin:/opt/homebrew/bin:/opt/homebrew/sbin:/usr/local/bin:/usr/bin:/bin:/usr/sbin:/sbin:/Users/nowgnas/miniforge3/condabin:/Users/nowgnas/.yarn/bin:/Users/nowgnas/.rbenv/shims:/Users/nowgnas/.rbenv/bin:/opt/homebrew/opt/node@16/bin:/opt/homebrew/bin:/opt/homebrew/sbin

Yarn version: 
  1.22.18

Node version: 
  16.14.2

Platform: 
  darwin arm64

Trace: 
  SyntaxError: /Users/nowgnas/projects/elice-wiki/back/package.json: Unexpected token } in JSON at position 473
      at JSON.parse (<anonymous>)
      at /opt/homebrew/lib/node_modules/yarn/lib/cli.js:1625:59
      at Generator.next (<anonymous>)
      at step (/opt/homebrew/lib/node_modules/yarn/lib/cli.js:310:30)
      at /opt/homebrew/lib/node_modules/yarn/lib/cli.js:321:13

npm manifest: 
  {
    "name": "back",
    "version": "1.0.0",
    "main": "index.js",
    "license": "MIT",
    "scripts": {
      "start": "nodemon index.js --exec babel-node"
    },
    "devDependencies": {
      "@babel/cli": "^7.17.6",
      "@babel/core": "^7.17.8",
      "@babel/node": "^7.16.8",
      "@babel/plugin-transform-runtime": "^7.17.0",
      "@babel/preset-env": "^7.16.11",
      "dotenv": "^16.0.0",
      "nodemon": "^2.0.15",
      "swagger-jsdoc": "^6.2.1",
      "swagger-ui-express": "^4.3.0",
    },
    "dependencies": {
      "bcrypt": "^5.0.1",
      "cors": "^2.8.5",
      "express": "^4.17.3",
      "jsonwebtoken": "^8.5.1",
      "mysql": "^2.18.1",
      "mysql2": "^2.3.3",
      "sequelize": "^6.18.0",
      "uuid": "^8.3.2"
    }
  }

yarn manifest: 
  No manifest

Lockfile: 
  No lockfile
